<?xml version="1.0" encoding="UTF-8"?>
<!-- Generated by org.testng.reporters.JUnitXMLReporter -->
<testsuite ignored="0" hostname="DESKTOP-2CM8FJR" failures="2" tests="4" name="Test" time="5.679" errors="0" timestamp="2025-11-03T11:49:06 CET">
  <testcase classname="api.test.UserTests" name="testPostUser" time="2.095"/>
  <testcase classname="api.test.UserTests" name="testGetUserByName" time="0.737"/>
  <testcase classname="api.test.UserTests" name="testUpdateUserByName" time="1.49">
    <failure type="java.lang.AssertionError" message="expected [200] but found [404]">
      <![CDATA[java.lang.AssertionError: expected [200] but found [404]
at api.test.UserTests.testUpdateUserByName(UserTests.java:84)
at java.base/java.util.ArrayList.forEach(ArrayList.java:1596)
... Removed 31 stack frames]]>
    </failure>
  </testcase> <!-- testUpdateUserByName -->
  <testcase classname="api.test.UserTests" name="testDeleteUserByName" time="0.724">
    <failure type="java.lang.AssertionError" message="expected [200] but found [404]">
      <![CDATA[java.lang.AssertionError: expected [200] but found [404]
at api.test.UserTests.testDeleteUserByName(UserTests.java:93)
at java.base/java.util.ArrayList.forEach(ArrayList.java:1596)
... Removed 31 stack frames]]>
    </failure>
  </testcase> <!-- testDeleteUserByName -->
</testsuite> <!-- Test -->
