<?xml version="1.0" encoding="UTF-8"?>
<!-- Generated by org.testng.reporters.JUnitXMLReporter -->
<testsuite ignored="0" hostname="DESKTOP-2CM8FJR" failures="0" tests="4" name="Test" time="5.623" errors="0" timestamp="2025-11-02T10:41:27 CET">
  <testcase classname="api.test.UserTests" name="testPostUser" time="2.043"/>
  <testcase classname="api.test.UserTests" name="testGetUserByName" time="0.745"/>
  <testcase classname="api.test.UserTests" name="testUpdateUserByName" time="1.525"/>
  <testcase classname="api.test.UserTests" name="testDeleteUserByName" time="0.721"/>
</testsuite> <!-- Test -->
