<?xml version="1.0" encoding="UTF-8"?>
<testng-results ignored="0" total="4" passed="4" failed="0" skipped="0">
  <reporter-output>
  </reporter-output>
  <suite started-at="2025-11-02T10:41:21 CET" name="Suite" finished-at="2025-11-02T10:41:27 CET" duration-ms="5623">
    <groups>
    </groups>
    <test started-at="2025-11-02T10:41:21 CET" name="Test" finished-at="2025-11-02T10:41:27 CET" duration-ms="5623">
      <class name="api.test.UserTests">
        <test-method is-config="true" signature="setup()[pri:0, instance:api.test.UserTests@368f2016]" started-at="2025-11-02T10:41:21 CET" name="setup" finished-at="2025-11-02T10:41:22 CET" duration-ms="550" status="PASS">
          <reporter-output>
          </reporter-output>
        </test-method> <!-- setup -->
        <test-method signature="testPostUser()[pri:1, instance:api.test.UserTests@368f2016]" started-at="2025-11-02T10:41:22 CET" name="testPostUser" finished-at="2025-11-02T10:41:24 CET" duration-ms="2043" status="PASS">
          <reporter-output>
          </reporter-output>
        </test-method> <!-- testPostUser -->
        <test-method signature="testGetUserByName()[pri:2, instance:api.test.UserTests@368f2016]" started-at="2025-11-02T10:41:24 CET" name="testGetUserByName" finished-at="2025-11-02T10:41:24 CET" duration-ms="745" status="PASS">
          <reporter-output>
          </reporter-output>
        </test-method> <!-- testGetUserByName -->
        <test-method signature="testUpdateUserByName()[pri:3, instance:api.test.UserTests@368f2016]" started-at="2025-11-02T10:41:24 CET" name="testUpdateUserByName" finished-at="2025-11-02T10:41:26 CET" duration-ms="1525" status="PASS">
          <reporter-output>
          </reporter-output>
        </test-method> <!-- testUpdateUserByName -->
        <test-method signature="testDeleteUserByName()[pri:4, instance:api.test.UserTests@368f2016]" started-at="2025-11-02T10:41:26 CET" name="testDeleteUserByName" finished-at="2025-11-02T10:41:27 CET" duration-ms="721" status="PASS">
          <reporter-output>
          </reporter-output>
        </test-method> <!-- testDeleteUserByName -->
      </class> <!-- api.test.UserTests -->
    </test> <!-- Test -->
  </suite> <!-- Suite -->
</testng-results>
