<?xml version="1.0" encoding="UTF-8"?>
<!-- Generated by org.testng.reporters.JUnitReportReporter -->
<testsuite hostname="DESKTOP-2CM8FJR" failures="0" tests="4" name="api.test.UserTests" time="5.034" errors="0" timestamp="2025-11-02T10:41:27 CET" skipped="0">
  <testcase classname="api.test.UserTests" name="testPostUser" time="2.043"/>
  <system-out/>
  <testcase classname="api.test.UserTests" name="testGetUserByName" time="0.745"/>
  <system-out/>
  <testcase classname="api.test.UserTests" name="testUpdateUserByName" time="1.525"/>
  <system-out/>
  <testcase classname="api.test.UserTests" name="testDeleteUserByName" time="0.721"/>
  <system-out/>
</testsuite> <!-- api.test.UserTests -->
